<?xml version="1.0" encoding="UTF-8"?>
<!-- Generated by org.testng.reporters.JUnitXMLReporter -->
<testsuite ignored="2" hostname="DESKTOP-P325L7S" failures="0" tests="1" name="Test" time="0.065" errors="0" timestamp="2024-10-21T19:00:00 IST">
  <testcase classname="org.test.Grp" name="tc1" time="0.012"/>
  <testcase classname="org.test.Grp" name="tc3" time="0.0">
    <ignored/>
  </testcase> <!-- tc3 -->
  <testcase classname="org.test.Grp" name="tc2" time="0.0">
    <ignored/>
  </testcase> <!-- tc2 -->
</testsuite> <!-- Test -->
