<?xml version="1.0" encoding="UTF-8"?>
<testng-results ignored="0" total="2" passed="2" failed="0" skipped="0">
  <reporter-output>
  </reporter-output>
  <suite started-at="2024-10-21T19:38:24 IST" name="Default suite" finished-at="2024-10-21T19:38:30 IST" duration-ms="5349">
    <groups>
    </groups>
    <test started-at="2024-10-21T19:38:24 IST" name="Default test" finished-at="2024-10-21T19:38:30 IST" duration-ms="5349">
      <class name="org.test.dateprov">
        <test-method signature="tc1(java.lang.String,java.lang.String)[pri:0, instance:org.test.dateprov@7dcf94f8]" started-at="2024-10-21T19:38:24 IST" name="tc1" data-provider="data" finished-at="2024-10-21T19:38:27 IST" duration-ms="3064" status="PASS">
          <params>
            <param index="0">
              <value>
                <![CDATA[welcome]]>
              </value>
            </param>
            <param index="1">
              <value>
                <![CDATA[12345]]>
              </value>
            </param>
          </params>
          <reporter-output>
          </reporter-output>
        </test-method> <!-- tc1 -->
        <test-method signature="tc1(java.lang.String,java.lang.String)[pri:0, instance:org.test.dateprov@7dcf94f8]" started-at="2024-10-21T19:38:27 IST" name="tc1" data-provider="data" finished-at="2024-10-21T19:38:30 IST" duration-ms="2218" status="PASS">
          <params>
            <param index="0">
              <value>
                <![CDATA[hello]]>
              </value>
            </param>
            <param index="1">
              <value>
                <![CDATA[345567]]>
              </value>
            </param>
          </params>
          <reporter-output>
          </reporter-output>
        </test-method> <!-- tc1 -->
      </class> <!-- org.test.dateprov -->
    </test> <!-- Default test -->
  </suite> <!-- Default suite -->
</testng-results>
